TN:
SF:E:\Web\slider-plugin\src\add.js
FN:1,(anonymous_0)
FNF:1
FNH:1
FNDA:2,(anonymous_0)
DA:2,2
LF:1
LH:1
BRF:0
BRH:0
end_of_record
TN:
SF:E:\Web\slider-plugin\src\index.js
FNF:0
FNH:0
LF:0
LH:0
BRF:0
BRH:0
end_of_record
TN:
SF:E:\Web\slider-plugin\src\subtract.js
FN:1,(anonymous_0)
FNF:1
FNH:1
FNDA:2,(anonymous_0)
DA:2,2
LF:1
LH:1
BRF:0
BRH:0
end_of_record
TN:
SF:E:\Web\slider-plugin\src\jquery.slider.js
FN:1,(anonymous_0)
FN:3,(anonymous_1)
FN:5,(anonymous_2)
FNF:3
FNH:0
FNDA:0,(anonymous_0)
FNDA:0,(anonymous_1)
FNDA:0,(anonymous_2)
DA:1,1
DA:2,0
DA:3,0
DA:4,0
DA:5,0
DA:6,0
DA:11,1
LF:7
LH:2
BRF:0
BRH:0
end_of_record
